<?xml version="1.0" encoding="UTF-8"?>
<testsuite xmlns:xsi="http://www.w3.org/2001/XMLSchema-instance" xsi:noNamespaceSchemaLocation="https://maven.apache.org/surefire/maven-surefire-plugin/xsd/surefire-test-report.xsd" name="com.three.mapper.dept.deptMapperInterfaceTest" time="7.683" tests="1" errors="0" skipped="0" failures="0">
  <properties>
    <property name="sun.desktop" value="windows"/>
    <property name="awt.toolkit" value="sun.awt.windows.WToolkit"/>
    <property name="java.specification.version" value="11"/>
    <property name="sun.cpu.isalist" value="amd64"/>
    <property name="sun.jnu.encoding" value="GBK"/>
    <property name="java.class.path" value="E:\dailydata\Idea\ttt\secondHomework\target\test-classes;E:\dailydata\Idea\ttt\secondHomework\target\classes;E:\software\softwareInstall\apache-maven-3.6\repository\org\springframework\boot\spring-boot-starter-web\2.2.5.RELEASE\spring-boot-starter-web-2.2.5.RELEASE.jar;E:\software\softwareInstall\apache-maven-3.6\repository\org\springframework\boot\spring-boot-starter\2.2.5.RELEASE\spring-boot-starter-2.2.5.RELEASE.jar;E:\software\softwareInstall\apache-maven-3.6\repository\org\springframework\boot\spring-boot\2.2.5.RELEASE\spring-boot-2.2.5.RELEASE.jar;E:\software\softwareInstall\apache-maven-3.6\repository\org\springframework\boot\spring-boot-autoconfigure\2.2.5.RELEASE\spring-boot-autoconfigure-2.2.5.RELEASE.jar;E:\software\softwareInstall\apache-maven-3.6\repository\org\springframework\boot\spring-boot-starter-logging\2.2.5.RELEASE\spring-boot-starter-logging-2.2.5.RELEASE.jar;E:\software\softwareInstall\apache-maven-3.6\repository\ch\qos\logback\logback-classic\1.2.3\logback-classic-1.2.3.jar;E:\software\softwareInstall\apache-maven-3.6\repository\ch\qos\logback\logback-core\1.2.3\logback-core-1.2.3.jar;E:\software\softwareInstall\apache-maven-3.6\repository\org\apache\logging\log4j\log4j-to-slf4j\2.12.1\log4j-to-slf4j-2.12.1.jar;E:\software\softwareInstall\apache-maven-3.6\repository\org\apache\logging\log4j\log4j-api\2.12.1\log4j-api-2.12.1.jar;E:\software\softwareInstall\apache-maven-3.6\repository\org\slf4j\jul-to-slf4j\1.7.30\jul-to-slf4j-1.7.30.jar;E:\software\softwareInstall\apache-maven-3.6\repository\org\yaml\snakeyaml\1.25\snakeyaml-1.25.jar;E:\software\softwareInstall\apache-maven-3.6\repository\org\springframework\boot\spring-boot-starter-json\2.2.5.RELEASE\spring-boot-starter-json-2.2.5.RELEASE.jar;E:\software\softwareInstall\apache-maven-3.6\repository\com\fasterxml\jackson\datatype\jackson-datatype-jdk8\2.10.2\jackson-datatype-jdk8-2.10.2.jar;E:\software\softwareInstall\apache-maven-3.6\repository\com\fasterxml\jackson\datatype\jackson-datatype-jsr310\2.10.2\jackson-datatype-jsr310-2.10.2.jar;E:\software\softwareInstall\apache-maven-3.6\repository\com\fasterxml\jackson\module\jackson-module-parameter-names\2.10.2\jackson-module-parameter-names-2.10.2.jar;E:\software\softwareInstall\apache-maven-3.6\repository\org\springframework\boot\spring-boot-starter-validation\2.2.5.RELEASE\spring-boot-starter-validation-2.2.5.RELEASE.jar;E:\software\softwareInstall\apache-maven-3.6\repository\jakarta\validation\jakarta.validation-api\2.0.2\jakarta.validation-api-2.0.2.jar;E:\software\softwareInstall\apache-maven-3.6\repository\org\hibernate\validator\hibernate-validator\6.0.18.Final\hibernate-validator-6.0.18.Final.jar;E:\software\softwareInstall\apache-maven-3.6\repository\org\jboss\logging\jboss-logging\3.4.1.Final\jboss-logging-3.4.1.Final.jar;E:\software\softwareInstall\apache-maven-3.6\repository\org\springframework\spring-web\5.2.4.RELEASE\spring-web-5.2.4.RELEASE.jar;E:\software\softwareInstall\apache-maven-3.6\repository\org\springframework\spring-beans\5.2.4.RELEASE\spring-beans-5.2.4.RELEASE.jar;E:\software\softwareInstall\apache-maven-3.6\repository\org\springframework\spring-webmvc\5.2.4.RELEASE\spring-webmvc-5.2.4.RELEASE.jar;E:\software\softwareInstall\apache-maven-3.6\repository\org\springframework\spring-aop\5.2.4.RELEASE\spring-aop-5.2.4.RELEASE.jar;E:\software\softwareInstall\apache-maven-3.6\repository\org\springframework\spring-context\5.2.4.RELEASE\spring-context-5.2.4.RELEASE.jar;E:\software\softwareInstall\apache-maven-3.6\repository\org\springframework\spring-expression\5.2.4.RELEASE\spring-expression-5.2.4.RELEASE.jar;E:\software\softwareInstall\apache-maven-3.6\repository\org\springframework\boot\spring-boot-starter-tomcat\2.2.5.RELEASE\spring-boot-starter-tomcat-2.2.5.RELEASE.jar;E:\software\softwareInstall\apache-maven-3.6\repository\jakarta\annotation\jakarta.annotation-api\1.3.5\jakarta.annotation-api-1.3.5.jar;E:\software\softwareInstall\apache-maven-3.6\repository\org\apache\tomcat\embed\tomcat-embed-core\9.0.31\tomcat-embed-core-9.0.31.jar;E:\software\softwareInstall\apache-maven-3.6\repository\org\apache\tomcat\embed\tomcat-embed-el\9.0.31\tomcat-embed-el-9.0.31.jar;E:\software\softwareInstall\apache-maven-3.6\repository\org\apache\tomcat\embed\tomcat-embed-websocket\9.0.31\tomcat-embed-websocket-9.0.31.jar;E:\software\softwareInstall\apache-maven-3.6\repository\com\baidu\aip\java-sdk\4.11.0\java-sdk-4.11.0.jar;E:\software\softwareInstall\apache-maven-3.6\repository\org\json\json\20160810\json-20160810.jar;E:\software\softwareInstall\apache-maven-3.6\repository\org\slf4j\slf4j-api\1.7.30\slf4j-api-1.7.30.jar;E:\software\softwareInstall\apache-maven-3.6\repository\org\slf4j\slf4j-simple\1.7.30\slf4j-simple-1.7.30.jar;E:\software\softwareInstall\apache-maven-3.6\repository\org\mybatis\spring\boot\mybatis-spring-boot-starter\2.1.1\mybatis-spring-boot-starter-2.1.1.jar;E:\software\softwareInstall\apache-maven-3.6\repository\org\springframework\boot\spring-boot-starter-jdbc\2.2.5.RELEASE\spring-boot-starter-jdbc-2.2.5.RELEASE.jar;E:\software\softwareInstall\apache-maven-3.6\repository\com\zaxxer\HikariCP\3.4.2\HikariCP-3.4.2.jar;E:\software\softwareInstall\apache-maven-3.6\repository\org\springframework\spring-jdbc\5.2.4.RELEASE\spring-jdbc-5.2.4.RELEASE.jar;E:\software\softwareInstall\apache-maven-3.6\repository\org\springframework\spring-tx\5.2.4.RELEASE\spring-tx-5.2.4.RELEASE.jar;E:\software\softwareInstall\apache-maven-3.6\repository\org\mybatis\spring\boot\mybatis-spring-boot-autoconfigure\2.1.1\mybatis-spring-boot-autoconfigure-2.1.1.jar;E:\software\softwareInstall\apache-maven-3.6\repository\org\mybatis\mybatis\3.5.3\mybatis-3.5.3.jar;E:\software\softwareInstall\apache-maven-3.6\repository\org\mybatis\mybatis-spring\2.0.3\mybatis-spring-2.0.3.jar;E:\software\softwareInstall\apache-maven-3.6\repository\mysql\mysql-connector-java\8.0.19\mysql-connector-java-8.0.19.jar;E:\software\softwareInstall\apache-maven-3.6\repository\log4j\log4j\1.2.12\log4j-1.2.12.jar;E:\software\softwareInstall\apache-maven-3.6\repository\junit\junit\4.10\junit-4.10.jar;E:\software\softwareInstall\apache-maven-3.6\repository\org\hamcrest\hamcrest-core\2.1\hamcrest-core-2.1.jar;E:\software\softwareInstall\apache-maven-3.6\repository\org\springframework\boot\spring-boot-starter-thymeleaf\2.2.5.RELEASE\spring-boot-starter-thymeleaf-2.2.5.RELEASE.jar;E:\software\softwareInstall\apache-maven-3.6\repository\org\thymeleaf\thymeleaf-spring5\3.0.11.RELEASE\thymeleaf-spring5-3.0.11.RELEASE.jar;E:\software\softwareInstall\apache-maven-3.6\repository\org\thymeleaf\thymeleaf\3.0.11.RELEASE\thymeleaf-3.0.11.RELEASE.jar;E:\software\softwareInstall\apache-maven-3.6\repository\org\attoparser\attoparser\2.0.5.RELEASE\attoparser-2.0.5.RELEASE.jar;E:\software\softwareInstall\apache-maven-3.6\repository\org\unbescape\unbescape\1.1.6.RELEASE\unbescape-1.1.6.RELEASE.jar;E:\software\softwareInstall\apache-maven-3.6\repository\org\thymeleaf\extras\thymeleaf-extras-java8time\3.0.4.RELEASE\thymeleaf-extras-java8time-3.0.4.RELEASE.jar;E:\software\softwareInstall\apache-maven-3.6\repository\org\projectlombok\lombok\1.18.12\lombok-1.18.12.jar;E:\software\softwareInstall\apache-maven-3.6\repository\io\springfox\springfox-swagger2\2.6.1\springfox-swagger2-2.6.1.jar;E:\software\softwareInstall\apache-maven-3.6\repository\io\swagger\swagger-annotations\1.5.10\swagger-annotations-1.5.10.jar;E:\software\softwareInstall\apache-maven-3.6\repository\io\swagger\swagger-models\1.5.10\swagger-models-1.5.10.jar;E:\software\softwareInstall\apache-maven-3.6\repository\io\springfox\springfox-spi\2.6.1\springfox-spi-2.6.1.jar;E:\software\softwareInstall\apache-maven-3.6\repository\io\springfox\springfox-core\2.6.1\springfox-core-2.6.1.jar;E:\software\softwareInstall\apache-maven-3.6\repository\io\springfox\springfox-schema\2.6.1\springfox-schema-2.6.1.jar;E:\software\softwareInstall\apache-maven-3.6\repository\io\springfox\springfox-swagger-common\2.6.1\springfox-swagger-common-2.6.1.jar;E:\software\softwareInstall\apache-maven-3.6\repository\io\springfox\springfox-spring-web\2.6.1\springfox-spring-web-2.6.1.jar;E:\software\softwareInstall\apache-maven-3.6\repository\com\google\guava\guava\18.0\guava-18.0.jar;E:\software\softwareInstall\apache-maven-3.6\repository\com\fasterxml\classmate\1.5.1\classmate-1.5.1.jar;E:\software\softwareInstall\apache-maven-3.6\repository\org\springframework\plugin\spring-plugin-core\1.2.0.RELEASE\spring-plugin-core-1.2.0.RELEASE.jar;E:\software\softwareInstall\apache-maven-3.6\repository\org\springframework\plugin\spring-plugin-metadata\1.2.0.RELEASE\spring-plugin-metadata-1.2.0.RELEASE.jar;E:\software\softwareInstall\apache-maven-3.6\repository\org\mapstruct\mapstruct\1.0.0.Final\mapstruct-1.0.0.Final.jar;E:\software\softwareInstall\apache-maven-3.6\repository\io\springfox\springfox-swagger-ui\2.6.1\springfox-swagger-ui-2.6.1.jar;E:\software\softwareInstall\apache-maven-3.6\repository\com\fasterxml\jackson\core\jackson-databind\2.9.4\jackson-databind-2.9.4.jar;E:\software\softwareInstall\apache-maven-3.6\repository\com\fasterxml\jackson\core\jackson-annotations\2.9.4\jackson-annotations-2.9.4.jar;E:\software\softwareInstall\apache-maven-3.6\repository\com\fasterxml\jackson\core\jackson-core\2.9.4\jackson-core-2.9.4.jar;E:\software\softwareInstall\apache-maven-3.6\repository\org\springframework\boot\spring-boot-starter-test\2.2.5.RELEASE\spring-boot-starter-test-2.2.5.RELEASE.jar;E:\software\softwareInstall\apache-maven-3.6\repository\org\springframework\boot\spring-boot-test\2.2.5.RELEASE\spring-boot-test-2.2.5.RELEASE.jar;E:\software\softwareInstall\apache-maven-3.6\repository\org\springframework\boot\spring-boot-test-autoconfigure\2.2.5.RELEASE\spring-boot-test-autoconfigure-2.2.5.RELEASE.jar;E:\software\softwareInstall\apache-maven-3.6\repository\com\jayway\jsonpath\json-path\2.4.0\json-path-2.4.0.jar;E:\software\softwareInstall\apache-maven-3.6\repository\net\minidev\json-smart\2.3\json-smart-2.3.jar;E:\software\softwareInstall\apache-maven-3.6\repository\net\minidev\accessors-smart\1.2\accessors-smart-1.2.jar;E:\software\softwareInstall\apache-maven-3.6\repository\org\ow2\asm\asm\5.0.4\asm-5.0.4.jar;E:\software\softwareInstall\apache-maven-3.6\repository\jakarta\xml\bind\jakarta.xml.bind-api\2.3.2\jakarta.xml.bind-api-2.3.2.jar;E:\software\softwareInstall\apache-maven-3.6\repository\jakarta\activation\jakarta.activation-api\1.2.2\jakarta.activation-api-1.2.2.jar;E:\software\softwareInstall\apache-maven-3.6\repository\org\junit\jupiter\junit-jupiter\5.5.2\junit-jupiter-5.5.2.jar;E:\software\softwareInstall\apache-maven-3.6\repository\org\junit\jupiter\junit-jupiter-api\5.5.2\junit-jupiter-api-5.5.2.jar;E:\software\softwareInstall\apache-maven-3.6\repository\org\opentest4j\opentest4j\1.2.0\opentest4j-1.2.0.jar;E:\software\softwareInstall\apache-maven-3.6\repository\org\junit\platform\junit-platform-commons\1.5.2\junit-platform-commons-1.5.2.jar;E:\software\softwareInstall\apache-maven-3.6\repository\org\junit\jupiter\junit-jupiter-params\5.5.2\junit-jupiter-params-5.5.2.jar;E:\software\softwareInstall\apache-maven-3.6\repository\org\junit\jupiter\junit-jupiter-engine\5.5.2\junit-jupiter-engine-5.5.2.jar;E:\software\softwareInstall\apache-maven-3.6\repository\org\junit\vintage\junit-vintage-engine\5.5.2\junit-vintage-engine-5.5.2.jar;E:\software\softwareInstall\apache-maven-3.6\repository\org\apiguardian\apiguardian-api\1.1.0\apiguardian-api-1.1.0.jar;E:\software\softwareInstall\apache-maven-3.6\repository\org\junit\platform\junit-platform-engine\1.5.2\junit-platform-engine-1.5.2.jar;E:\software\softwareInstall\apache-maven-3.6\repository\org\mockito\mockito-junit-jupiter\3.1.0\mockito-junit-jupiter-3.1.0.jar;E:\software\softwareInstall\apache-maven-3.6\repository\org\assertj\assertj-core\3.13.2\assertj-core-3.13.2.jar;E:\software\softwareInstall\apache-maven-3.6\repository\org\hamcrest\hamcrest\2.1\hamcrest-2.1.jar;E:\software\softwareInstall\apache-maven-3.6\repository\org\mockito\mockito-core\3.1.0\mockito-core-3.1.0.jar;E:\software\softwareInstall\apache-maven-3.6\repository\net\bytebuddy\byte-buddy\1.10.8\byte-buddy-1.10.8.jar;E:\software\softwareInstall\apache-maven-3.6\repository\net\bytebuddy\byte-buddy-agent\1.10.8\byte-buddy-agent-1.10.8.jar;E:\software\softwareInstall\apache-maven-3.6\repository\org\objenesis\objenesis\2.6\objenesis-2.6.jar;E:\software\softwareInstall\apache-maven-3.6\repository\org\skyscreamer\jsonassert\1.5.0\jsonassert-1.5.0.jar;E:\software\softwareInstall\apache-maven-3.6\repository\com\vaadin\external\google\android-json\0.0.20131108.vaadin1\android-json-0.0.20131108.vaadin1.jar;E:\software\softwareInstall\apache-maven-3.6\repository\org\springframework\spring-core\5.2.4.RELEASE\spring-core-5.2.4.RELEASE.jar;E:\software\softwareInstall\apache-maven-3.6\repository\org\springframework\spring-jcl\5.2.4.RELEASE\spring-jcl-5.2.4.RELEASE.jar;E:\software\softwareInstall\apache-maven-3.6\repository\org\springframework\spring-test\5.2.4.RELEASE\spring-test-5.2.4.RELEASE.jar;E:\software\softwareInstall\apache-maven-3.6\repository\org\xmlunit\xmlunit-core\2.6.3\xmlunit-core-2.6.3.jar;"/>
    <property name="java.vm.vendor" value="JetBrains s.r.o"/>
    <property name="sun.arch.data.model" value="64"/>
    <property name="user.variant" value=""/>
    <property name="java.vendor.url" value="https://www.jetbrains.com/"/>
    <property name="user.timezone" value="Asia/Shanghai"/>
    <property name="java.vm.specification.version" value="11"/>
    <property name="os.name" value="Windows 10"/>
    <property name="sun.java.launcher" value="SUN_STANDARD"/>
    <property name="user.country" value="CN"/>
    <property name="sun.boot.library.path" value="E:\software\ClassSoftware\IntelliJ IDEA 2019.2.3\jbr\bin"/>
    <property name="sun.java.command" value="C:\Users\ADMINI~1\AppData\Local\Temp\surefire293402757215919784\surefirebooter18208195483232053100.jar C:\Users\Administrator\AppData\Local\Temp\surefire293402757215919784 2020-07-02T23-20-27_304-jvmRun1 surefire10791218333335572118tmp surefire_017352870646464495188tmp"/>
    <property name="jdk.debug" value="release"/>
    <property name="surefire.test.class.path" value="E:\dailydata\Idea\ttt\secondHomework\target\test-classes;E:\dailydata\Idea\ttt\secondHomework\target\classes;E:\software\softwareInstall\apache-maven-3.6\repository\org\springframework\boot\spring-boot-starter-web\2.2.5.RELEASE\spring-boot-starter-web-2.2.5.RELEASE.jar;E:\software\softwareInstall\apache-maven-3.6\repository\org\springframework\boot\spring-boot-starter\2.2.5.RELEASE\spring-boot-starter-2.2.5.RELEASE.jar;E:\software\softwareInstall\apache-maven-3.6\repository\org\springframework\boot\spring-boot\2.2.5.RELEASE\spring-boot-2.2.5.RELEASE.jar;E:\software\softwareInstall\apache-maven-3.6\repository\org\springframework\boot\spring-boot-autoconfigure\2.2.5.RELEASE\spring-boot-autoconfigure-2.2.5.RELEASE.jar;E:\software\softwareInstall\apache-maven-3.6\repository\org\springframework\boot\spring-boot-starter-logging\2.2.5.RELEASE\spring-boot-starter-logging-2.2.5.RELEASE.jar;E:\software\softwareInstall\apache-maven-3.6\repository\ch\qos\logback\logback-classic\1.2.3\logback-classic-1.2.3.jar;E:\software\softwareInstall\apache-maven-3.6\repository\ch\qos\logback\logback-core\1.2.3\logback-core-1.2.3.jar;E:\software\softwareInstall\apache-maven-3.6\repository\org\apache\logging\log4j\log4j-to-slf4j\2.12.1\log4j-to-slf4j-2.12.1.jar;E:\software\softwareInstall\apache-maven-3.6\repository\org\apache\logging\log4j\log4j-api\2.12.1\log4j-api-2.12.1.jar;E:\software\softwareInstall\apache-maven-3.6\repository\org\slf4j\jul-to-slf4j\1.7.30\jul-to-slf4j-1.7.30.jar;E:\software\softwareInstall\apache-maven-3.6\repository\org\yaml\snakeyaml\1.25\snakeyaml-1.25.jar;E:\software\softwareInstall\apache-maven-3.6\repository\org\springframework\boot\spring-boot-starter-json\2.2.5.RELEASE\spring-boot-starter-json-2.2.5.RELEASE.jar;E:\software\softwareInstall\apache-maven-3.6\repository\com\fasterxml\jackson\datatype\jackson-datatype-jdk8\2.10.2\jackson-datatype-jdk8-2.10.2.jar;E:\software\softwareInstall\apache-maven-3.6\repository\com\fasterxml\jackson\datatype\jackson-datatype-jsr310\2.10.2\jackson-datatype-jsr310-2.10.2.jar;E:\software\softwareInstall\apache-maven-3.6\repository\com\fasterxml\jackson\module\jackson-module-parameter-names\2.10.2\jackson-module-parameter-names-2.10.2.jar;E:\software\softwareInstall\apache-maven-3.6\repository\org\springframework\boot\spring-boot-starter-validation\2.2.5.RELEASE\spring-boot-starter-validation-2.2.5.RELEASE.jar;E:\software\softwareInstall\apache-maven-3.6\repository\jakarta\validation\jakarta.validation-api\2.0.2\jakarta.validation-api-2.0.2.jar;E:\software\softwareInstall\apache-maven-3.6\repository\org\hibernate\validator\hibernate-validator\6.0.18.Final\hibernate-validator-6.0.18.Final.jar;E:\software\softwareInstall\apache-maven-3.6\repository\org\jboss\logging\jboss-logging\3.4.1.Final\jboss-logging-3.4.1.Final.jar;E:\software\softwareInstall\apache-maven-3.6\repository\org\springframework\spring-web\5.2.4.RELEASE\spring-web-5.2.4.RELEASE.jar;E:\software\softwareInstall\apache-maven-3.6\repository\org\springframework\spring-beans\5.2.4.RELEASE\spring-beans-5.2.4.RELEASE.jar;E:\software\softwareInstall\apache-maven-3.6\repository\org\springframework\spring-webmvc\5.2.4.RELEASE\spring-webmvc-5.2.4.RELEASE.jar;E:\software\softwareInstall\apache-maven-3.6\repository\org\springframework\spring-aop\5.2.4.RELEASE\spring-aop-5.2.4.RELEASE.jar;E:\software\softwareInstall\apache-maven-3.6\repository\org\springframework\spring-context\5.2.4.RELEASE\spring-context-5.2.4.RELEASE.jar;E:\software\softwareInstall\apache-maven-3.6\repository\org\springframework\spring-expression\5.2.4.RELEASE\spring-expression-5.2.4.RELEASE.jar;E:\software\softwareInstall\apache-maven-3.6\repository\org\springframework\boot\spring-boot-starter-tomcat\2.2.5.RELEASE\spring-boot-starter-tomcat-2.2.5.RELEASE.jar;E:\software\softwareInstall\apache-maven-3.6\repository\jakarta\annotation\jakarta.annotation-api\1.3.5\jakarta.annotation-api-1.3.5.jar;E:\software\softwareInstall\apache-maven-3.6\repository\org\apache\tomcat\embed\tomcat-embed-core\9.0.31\tomcat-embed-core-9.0.31.jar;E:\software\softwareInstall\apache-maven-3.6\repository\org\apache\tomcat\embed\tomcat-embed-el\9.0.31\tomcat-embed-el-9.0.31.jar;E:\software\softwareInstall\apache-maven-3.6\repository\org\apache\tomcat\embed\tomcat-embed-websocket\9.0.31\tomcat-embed-websocket-9.0.31.jar;E:\software\softwareInstall\apache-maven-3.6\repository\com\baidu\aip\java-sdk\4.11.0\java-sdk-4.11.0.jar;E:\software\softwareInstall\apache-maven-3.6\repository\org\json\json\20160810\json-20160810.jar;E:\software\softwareInstall\apache-maven-3.6\repository\org\slf4j\slf4j-api\1.7.30\slf4j-api-1.7.30.jar;E:\software\softwareInstall\apache-maven-3.6\repository\org\slf4j\slf4j-simple\1.7.30\slf4j-simple-1.7.30.jar;E:\software\softwareInstall\apache-maven-3.6\repository\org\mybatis\spring\boot\mybatis-spring-boot-starter\2.1.1\mybatis-spring-boot-starter-2.1.1.jar;E:\software\softwareInstall\apache-maven-3.6\repository\org\springframework\boot\spring-boot-starter-jdbc\2.2.5.RELEASE\spring-boot-starter-jdbc-2.2.5.RELEASE.jar;E:\software\softwareInstall\apache-maven-3.6\repository\com\zaxxer\HikariCP\3.4.2\HikariCP-3.4.2.jar;E:\software\softwareInstall\apache-maven-3.6\repository\org\springframework\spring-jdbc\5.2.4.RELEASE\spring-jdbc-5.2.4.RELEASE.jar;E:\software\softwareInstall\apache-maven-3.6\repository\org\springframework\spring-tx\5.2.4.RELEASE\spring-tx-5.2.4.RELEASE.jar;E:\software\softwareInstall\apache-maven-3.6\repository\org\mybatis\spring\boot\mybatis-spring-boot-autoconfigure\2.1.1\mybatis-spring-boot-autoconfigure-2.1.1.jar;E:\software\softwareInstall\apache-maven-3.6\repository\org\mybatis\mybatis\3.5.3\mybatis-3.5.3.jar;E:\software\softwareInstall\apache-maven-3.6\repository\org\mybatis\mybatis-spring\2.0.3\mybatis-spring-2.0.3.jar;E:\software\softwareInstall\apache-maven-3.6\repository\mysql\mysql-connector-java\8.0.19\mysql-connector-java-8.0.19.jar;E:\software\softwareInstall\apache-maven-3.6\repository\log4j\log4j\1.2.12\log4j-1.2.12.jar;E:\software\softwareInstall\apache-maven-3.6\repository\junit\junit\4.10\junit-4.10.jar;E:\software\softwareInstall\apache-maven-3.6\repository\org\hamcrest\hamcrest-core\2.1\hamcrest-core-2.1.jar;E:\software\softwareInstall\apache-maven-3.6\repository\org\springframework\boot\spring-boot-starter-thymeleaf\2.2.5.RELEASE\spring-boot-starter-thymeleaf-2.2.5.RELEASE.jar;E:\software\softwareInstall\apache-maven-3.6\repository\org\thymeleaf\thymeleaf-spring5\3.0.11.RELEASE\thymeleaf-spring5-3.0.11.RELEASE.jar;E:\software\softwareInstall\apache-maven-3.6\repository\org\thymeleaf\thymeleaf\3.0.11.RELEASE\thymeleaf-3.0.11.RELEASE.jar;E:\software\softwareInstall\apache-maven-3.6\repository\org\attoparser\attoparser\2.0.5.RELEASE\attoparser-2.0.5.RELEASE.jar;E:\software\softwareInstall\apache-maven-3.6\repository\org\unbescape\unbescape\1.1.6.RELEASE\unbescape-1.1.6.RELEASE.jar;E:\software\softwareInstall\apache-maven-3.6\repository\org\thymeleaf\extras\thymeleaf-extras-java8time\3.0.4.RELEASE\thymeleaf-extras-java8time-3.0.4.RELEASE.jar;E:\software\softwareInstall\apache-maven-3.6\repository\org\projectlombok\lombok\1.18.12\lombok-1.18.12.jar;E:\software\softwareInstall\apache-maven-3.6\repository\io\springfox\springfox-swagger2\2.6.1\springfox-swagger2-2.6.1.jar;E:\software\softwareInstall\apache-maven-3.6\repository\io\swagger\swagger-annotations\1.5.10\swagger-annotations-1.5.10.jar;E:\software\softwareInstall\apache-maven-3.6\repository\io\swagger\swagger-models\1.5.10\swagger-models-1.5.10.jar;E:\software\softwareInstall\apache-maven-3.6\repository\io\springfox\springfox-spi\2.6.1\springfox-spi-2.6.1.jar;E:\software\softwareInstall\apache-maven-3.6\repository\io\springfox\springfox-core\2.6.1\springfox-core-2.6.1.jar;E:\software\softwareInstall\apache-maven-3.6\repository\io\springfox\springfox-schema\2.6.1\springfox-schema-2.6.1.jar;E:\software\softwareInstall\apache-maven-3.6\repository\io\springfox\springfox-swagger-common\2.6.1\springfox-swagger-common-2.6.1.jar;E:\software\softwareInstall\apache-maven-3.6\repository\io\springfox\springfox-spring-web\2.6.1\springfox-spring-web-2.6.1.jar;E:\software\softwareInstall\apache-maven-3.6\repository\com\google\guava\guava\18.0\guava-18.0.jar;E:\software\softwareInstall\apache-maven-3.6\repository\com\fasterxml\classmate\1.5.1\classmate-1.5.1.jar;E:\software\softwareInstall\apache-maven-3.6\repository\org\springframework\plugin\spring-plugin-core\1.2.0.RELEASE\spring-plugin-core-1.2.0.RELEASE.jar;E:\software\softwareInstall\apache-maven-3.6\repository\org\springframework\plugin\spring-plugin-metadata\1.2.0.RELEASE\spring-plugin-metadata-1.2.0.RELEASE.jar;E:\software\softwareInstall\apache-maven-3.6\repository\org\mapstruct\mapstruct\1.0.0.Final\mapstruct-1.0.0.Final.jar;E:\software\softwareInstall\apache-maven-3.6\repository\io\springfox\springfox-swagger-ui\2.6.1\springfox-swagger-ui-2.6.1.jar;E:\software\softwareInstall\apache-maven-3.6\repository\com\fasterxml\jackson\core\jackson-databind\2.9.4\jackson-databind-2.9.4.jar;E:\software\softwareInstall\apache-maven-3.6\repository\com\fasterxml\jackson\core\jackson-annotations\2.9.4\jackson-annotations-2.9.4.jar;E:\software\softwareInstall\apache-maven-3.6\repository\com\fasterxml\jackson\core\jackson-core\2.9.4\jackson-core-2.9.4.jar;E:\software\softwareInstall\apache-maven-3.6\repository\org\springframework\boot\spring-boot-starter-test\2.2.5.RELEASE\spring-boot-starter-test-2.2.5.RELEASE.jar;E:\software\softwareInstall\apache-maven-3.6\repository\org\springframework\boot\spring-boot-test\2.2.5.RELEASE\spring-boot-test-2.2.5.RELEASE.jar;E:\software\softwareInstall\apache-maven-3.6\repository\org\springframework\boot\spring-boot-test-autoconfigure\2.2.5.RELEASE\spring-boot-test-autoconfigure-2.2.5.RELEASE.jar;E:\software\softwareInstall\apache-maven-3.6\repository\com\jayway\jsonpath\json-path\2.4.0\json-path-2.4.0.jar;E:\software\softwareInstall\apache-maven-3.6\repository\net\minidev\json-smart\2.3\json-smart-2.3.jar;E:\software\softwareInstall\apache-maven-3.6\repository\net\minidev\accessors-smart\1.2\accessors-smart-1.2.jar;E:\software\softwareInstall\apache-maven-3.6\repository\org\ow2\asm\asm\5.0.4\asm-5.0.4.jar;E:\software\softwareInstall\apache-maven-3.6\repository\jakarta\xml\bind\jakarta.xml.bind-api\2.3.2\jakarta.xml.bind-api-2.3.2.jar;E:\software\softwareInstall\apache-maven-3.6\repository\jakarta\activation\jakarta.activation-api\1.2.2\jakarta.activation-api-1.2.2.jar;E:\software\softwareInstall\apache-maven-3.6\repository\org\junit\jupiter\junit-jupiter\5.5.2\junit-jupiter-5.5.2.jar;E:\software\softwareInstall\apache-maven-3.6\repository\org\junit\jupiter\junit-jupiter-api\5.5.2\junit-jupiter-api-5.5.2.jar;E:\software\softwareInstall\apache-maven-3.6\repository\org\opentest4j\opentest4j\1.2.0\opentest4j-1.2.0.jar;E:\software\softwareInstall\apache-maven-3.6\repository\org\junit\platform\junit-platform-commons\1.5.2\junit-platform-commons-1.5.2.jar;E:\software\softwareInstall\apache-maven-3.6\repository\org\junit\jupiter\junit-jupiter-params\5.5.2\junit-jupiter-params-5.5.2.jar;E:\software\softwareInstall\apache-maven-3.6\repository\org\junit\jupiter\junit-jupiter-engine\5.5.2\junit-jupiter-engine-5.5.2.jar;E:\software\softwareInstall\apache-maven-3.6\repository\org\junit\vintage\junit-vintage-engine\5.5.2\junit-vintage-engine-5.5.2.jar;E:\software\softwareInstall\apache-maven-3.6\repository\org\apiguardian\apiguardian-api\1.1.0\apiguardian-api-1.1.0.jar;E:\software\softwareInstall\apache-maven-3.6\repository\org\junit\platform\junit-platform-engine\1.5.2\junit-platform-engine-1.5.2.jar;E:\software\softwareInstall\apache-maven-3.6\repository\org\mockito\mockito-junit-jupiter\3.1.0\mockito-junit-jupiter-3.1.0.jar;E:\software\softwareInstall\apache-maven-3.6\repository\org\assertj\assertj-core\3.13.2\assertj-core-3.13.2.jar;E:\software\softwareInstall\apache-maven-3.6\repository\org\hamcrest\hamcrest\2.1\hamcrest-2.1.jar;E:\software\softwareInstall\apache-maven-3.6\repository\org\mockito\mockito-core\3.1.0\mockito-core-3.1.0.jar;E:\software\softwareInstall\apache-maven-3.6\repository\net\bytebuddy\byte-buddy\1.10.8\byte-buddy-1.10.8.jar;E:\software\softwareInstall\apache-maven-3.6\repository\net\bytebuddy\byte-buddy-agent\1.10.8\byte-buddy-agent-1.10.8.jar;E:\software\softwareInstall\apache-maven-3.6\repository\org\objenesis\objenesis\2.6\objenesis-2.6.jar;E:\software\softwareInstall\apache-maven-3.6\repository\org\skyscreamer\jsonassert\1.5.0\jsonassert-1.5.0.jar;E:\software\softwareInstall\apache-maven-3.6\repository\com\vaadin\external\google\android-json\0.0.20131108.vaadin1\android-json-0.0.20131108.vaadin1.jar;E:\software\softwareInstall\apache-maven-3.6\repository\org\springframework\spring-core\5.2.4.RELEASE\spring-core-5.2.4.RELEASE.jar;E:\software\softwareInstall\apache-maven-3.6\repository\org\springframework\spring-jcl\5.2.4.RELEASE\spring-jcl-5.2.4.RELEASE.jar;E:\software\softwareInstall\apache-maven-3.6\repository\org\springframework\spring-test\5.2.4.RELEASE\spring-test-5.2.4.RELEASE.jar;E:\software\softwareInstall\apache-maven-3.6\repository\org\xmlunit\xmlunit-core\2.6.3\xmlunit-core-2.6.3.jar;"/>
    <property name="sun.cpu.endian" value="little"/>
    <property name="user.home" value="C:\Users\Administrator"/>
    <property name="user.language" value="zh"/>
    <property name="java.specification.vendor" value="Oracle Corporation"/>
    <property name="java.version.date" value="2019-07-16"/>
    <property name="java.home" value="E:\software\ClassSoftware\IntelliJ IDEA 2019.2.3\jbr"/>
    <property name="file.separator" value="\"/>
    <property name="basedir" value="E:\dailydata\Idea\ttt\secondHomework"/>
    <property name="java.vm.compressedOopsMode" value="Zero based"/>
    <property name="line.separator" value="&#10;"/>
    <property name="idea.version2019.2.3" value="true"/>
    <property name="java.specification.name" value="Java Platform API Specification"/>
    <property name="java.vm.specification.vendor" value="Oracle Corporation"/>
    <property name="java.awt.graphicsenv" value="sun.awt.Win32GraphicsEnvironment"/>
    <property name="surefire.real.class.path" value="C:\Users\ADMINI~1\AppData\Local\Temp\surefire293402757215919784\surefirebooter18208195483232053100.jar"/>
    <property name="user.script" value=""/>
    <property name="sun.management.compiler" value="HotSpot 64-Bit Tiered Compilers"/>
    <property name="java.runtime.version" value="11.0.4+10-b304.69"/>
    <property name="user.name" value="Administrator"/>
    <property name="path.separator" value=";"/>
    <property name="os.version" value="10.0"/>
    <property name="java.runtime.name" value="OpenJDK Runtime Environment"/>
    <property name="file.encoding" value="GBK"/>
    <property name="java.vm.name" value="OpenJDK 64-Bit Server VM"/>
    <property name="localRepository" value="E:\software\softwareInstall\apache-maven-3.6\repository"/>
    <property name="java.vendor.url.bug" value="https://youtrack.jetbrains.com"/>
    <property name="java.io.tmpdir" value="C:\Users\ADMINI~1\AppData\Local\Temp\"/>
    <property name="java.version" value="11.0.4"/>
    <property name="user.dir" value="E:\dailydata\Idea\ttt\secondHomework"/>
    <property name="os.arch" value="amd64"/>
    <property name="java.vm.specification.name" value="Java Virtual Machine Specification"/>
    <property name="java.awt.printerjob" value="sun.awt.windows.WPrinterJob"/>
    <property name="sun.os.patch.level" value=""/>
    <property name="java.library.path" value="E:\software\ClassSoftware\IntelliJ IDEA 2019.2.3\jbr\bin;C:\WINDOWS\Sun\Java\bin;C:\WINDOWS\system32;C:\WINDOWS;C:\ProgramData\Oracle\Java\javapath;C:\Program Files\NVIDIA GPU Computing Toolkit\CUDA\v10.0\bin;C:\Program Files\NVIDIA GPU Computing Toolkit\CUDA\v10.0\libnvvp;C:\WINDOWS\system32;C:\WINDOWS;C:\WINDOWS\System32\Wbem;C:\WINDOWS\System32\WindowsPowerShell\v1.0\;C:\WINDOWS\System32\OpenSSH\;C:\Program Files\Intel\WiFi\bin\;C:\Program Files\Common Files\Intel\WirelessCommon\;E:\software\ClassSoftware\Anaconda\Scripts;E:\software\ClassSoftware\Anaconda;E:\software\ClassSoftware\Git\cmd;E:\software\ClassSoftware\Node\;E:\software\ClassSoftware\Node\node_modules\npm\bin;E:\software\ClassSoftware\Anaconda\Scripts;E:\software\ClassSoftware\Anaconda\Library\bin;C:\Program Files\MySQL\MySQL Server 8.0\bin;E:\software\ClassSoftware\mingw32\bin;E:\software\installer\Zip\cmake\cmake\bin;C:\Program Files (x86)\NVIDIA Corporation\PhysX\Common;E:\software\ClassSoftware\WinSCP\;E:\software\softwareInstall\apache-maven-3.6\apache-maven-3.6.3\bin\;%JAVA_HOME%\bin;E:\software\ClassSoftware\Anaconda;E:\software\ClassSoftware\Anaconda\Library\mingw-w64\bin;E:\software\ClassSoftware\Anaconda\Library\usr\bin;E:\software\ClassSoftware\Anaconda\Library\bin;E:\software\ClassSoftware\Anaconda\Scripts;C:\Users\Administrator\AppData\Local\Microsoft\WindowsApps;C:\Program Files\Intel\WiFi\bin\;C:\Program Files\Common Files\Intel\WirelessCommon\;%PyCharm%;E:\software\ClassSoftware\CLion 2019.2.3\bin;;E:\software\ClassSoftware\IntelliJ IDEA 2019.2.3\bin;;;E:\software\ClassSoftware\Microsoft VS Code\bin;C:\Users\Administrator\AppData\Roaming\npm;E:\software\ClassSoftware\DataGrip 2020.1.3\bin;;E:\software\ClassSoftware\PyCharm Community Edition 2020.1.1\bin;;E:\software\ClassSoftware\texlive\2019\bin\win32;."/>
    <property name="java.vendor" value="JetBrains s.r.o"/>
    <property name="java.vm.info" value="mixed mode, sharing"/>
    <property name="java.vm.version" value="11.0.4+10-b304.69"/>
    <property name="sun.io.unicode.encoding" value="UnicodeLittle"/>
    <property name="maven.repo.local" value="E:\software\softwareInstall\apache-maven-3.6\repository"/>
    <property name="java.class.version" value="55.0"/>
  </properties>
  <testcase name="updateDept" classname="com.three.mapper.dept.deptMapperInterfaceTest" time="1.903"/>
</testsuite>